<?xml version="1.0" encoding="UTF-8"?>
<!-- Generated by org.testng.reporters.JUnitReportReporter -->
<testsuite hostname="Sumits-MacBook-Pro.local" failures="0" tests="2" name="com.sortly.automation.ui.test.SortlyUserLoginTests" time="28.085" errors="0" timestamp="2023-09-22T10:17:36 IST" skipped="0">
  <testcase classname="com.sortly.automation.ui.test.SortlyUserLoginTests" name="loginAsAdminWithValidCridentials" time="15.057"/>
  <testcase classname="com.sortly.automation.ui.test.SortlyUserLoginTests" name="loginAsOwnerWithValidCridentials" time="13.028"/>
</testsuite> <!-- com.sortly.automation.ui.test.SortlyUserLoginTests -->
