<?xml version="1.0" encoding="UTF-8"?>
<!-- Generated by org.testng.reporters.JUnitReportReporter -->
<testsuite hostname="Sumits-MacBook-Pro.local" failures="0" tests="6" name="com.sortly.automation.ui.test.SortlyFolderAndItemOperationTests" time="380.386" errors="0" timestamp="2023-09-22T10:17:36 IST" skipped="0">
  <testcase classname="com.sortly.automation.ui.test.SortlyFolderAndItemOperationTests" name="addAndDeleteFolderTestByOwner" time="64.867"/>
  <testcase classname="com.sortly.automation.ui.test.SortlyFolderAndItemOperationTests" name="addAndDeleteFolderTestByAdmin" time="65.132"/>
  <testcase classname="com.sortly.automation.ui.test.SortlyFolderAndItemOperationTests" name="createFiveFolderAndMoveFolderByAdmin" time="101.961"/>
  <testcase classname="com.sortly.automation.ui.test.SortlyFolderAndItemOperationTests" name="createFiveFolderAndMoveFolderByOwner" time="104.808"/>
  <testcase classname="com.sortly.automation.ui.test.SortlyFolderAndItemOperationTests" name="addAndCloneFolderTestByOwner" time="22.749"/>
  <testcase classname="com.sortly.automation.ui.test.SortlyFolderAndItemOperationTests" name="addAndCloneFolderTestByAdmin" time="20.869"/>
</testsuite> <!-- com.sortly.automation.ui.test.SortlyFolderAndItemOperationTests -->
